[debug] [2023-07-22T16:17:12.795Z] ----------------------------------------------------------------------
[debug] [2023-07-22T16:17:12.798Z] Command:       C:\Program Files\nodejs\node.exe C:\Users\KIIT\AppData\Roaming\npm\node_modules\firebase-tools\lib\bin\firebase.js init
[debug] [2023-07-22T16:17:12.799Z] CLI Version:   12.4.5
[debug] [2023-07-22T16:17:12.799Z] Platform:      win32
[debug] [2023-07-22T16:17:12.799Z] Node Version:  v18.14.1
[debug] [2023-07-22T16:17:12.800Z] Time:          Sat Jul 22 2023 21:47:12 GMT+0530 (India Standard Time)
[debug] [2023-07-22T16:17:12.800Z] ----------------------------------------------------------------------
[debug] 
[debug] [2023-07-22T16:17:12.876Z] > command requires scopes: ["email","openid","https://www.googleapis.com/auth/cloudplatformprojects.readonly","https://www.googleapis.com/auth/firebase","https://www.googleapis.com/auth/cloud-platform"]
[debug] [2023-07-22T16:17:12.877Z] > authorizing via signed-in user (waytoheaven001@gmail.com)
[info] 
     ######## #### ########  ######## ########     ###     ######  ########
     ##        ##  ##     ## ##       ##     ##  ##   ##  ##       ##
     ######    ##  ########  ######   ########  #########  ######  ######
     ##        ##  ##    ##  ##       ##     ## ##     ##       ## ##
     ##       #### ##     ## ######## ########  ##     ##  ######  ########

You're about to initialize a Firebase project in this directory:

  D:\20051939 all document\SEMESTER WISE NOTE\6TH SEM\6th sem\Minor project\instagram\instagram-clone-main

Before we get started, keep in mind:

  * You are initializing within an existing Firebase project directory

[info] 
=== Project Setup
[info] 
[info] First, let's associate this project directory with a Firebase project.
[info] You can create multiple project aliases by running firebase use --add, 
[info] but for now we'll just set up a default project.
[info] 
[debug] [2023-07-22T16:17:24.207Z] Using project from CLI flag: instagram
[debug] [2023-07-22T16:17:24.209Z] >>> [apiv2][query] GET https://firebase.googleapis.com/v1beta1/projects/instagram [none]
[debug] [2023-07-22T16:17:25.529Z] <<< [apiv2][status] GET https://firebase.googleapis.com/v1beta1/projects/instagram 403
[debug] [2023-07-22T16:17:25.529Z] <<< [apiv2][body] GET https://firebase.googleapis.com/v1beta1/projects/instagram {"error":{"code":403,"message":"The caller does not have permission","status":"PERMISSION_DENIED"}}
[debug] [2023-07-22T16:17:25.530Z] HTTP Error: 403, The caller does not have permission
[debug] [2023-07-22T16:17:25.867Z] FirebaseError: HTTP Error: 403, The caller does not have permission
    at responseToError (C:\Users\KIIT\AppData\Roaming\npm\node_modules\firebase-tools\lib\responseToError.js:49:12)
    at RetryOperation._fn (C:\Users\KIIT\AppData\Roaming\npm\node_modules\firebase-tools\lib\apiv2.js:285:77)
    at process.processTicksAndRejections (node:internal/process/task_queues:95:5)
[error] 
[error] Error: Failed to get Firebase project instagram. Please make sure the project exists and your account has permission to access it.
